2023-06-01T06:58:17+00:00 CRITICAL syntax error, unexpected token "require" in C:\xampp\htdocs\contourhealth\wp-content\themes\contour-health\functions.php on line 89

2023-06-01T06:58:32+00:00 CRITICAL syntax error, unexpected token "require" in C:\xampp\htdocs\contourhealth\wp-content\themes\contour-health\functions.php on line 89

2023-06-01T06:58:47+00:00 CRITICAL syntax error, unexpected token "require" in C:\xampp\htdocs\contourhealth\wp-content\themes\contour-health\functions.php on line 89

2023-06-01T06:58:52+00:00 CRITICAL syntax error, unexpected token "require" in C:\xampp\htdocs\contourhealth\wp-content\themes\contour-health\functions.php on line 89

2023-06-01T07:13:28+00:00 CRITICAL Uncaught Error: Call to undefined function the_description() in C:\xampp\htdocs\contourhealth\wp-content\themes\contour-health\home.php:99
Stack trace:
#0 C:\xampp\htdocs\contourhealth\wp-includes\template-loader.php(106): include()
#1 C:\xampp\htdocs\contourhealth\wp-blog-header.php(19): require_once('C:\\xampp\\htdocs...')
#2 C:\xampp\htdocs\contourhealth\index.php(17): require('C:\\xampp\\htdocs...')
#3 {main}
  thrown in C:\xampp\htdocs\contourhealth\wp-content\themes\contour-health\home.php on line 99

2023-06-01T07:16:29+00:00 CRITICAL Uncaught Error: Call to undefined function get_field() in C:\xampp\htdocs\contourhealth\wp-content\themes\contour-health\home.php:99
Stack trace:
#0 C:\xampp\htdocs\contourhealth\wp-includes\template-loader.php(106): include()
#1 C:\xampp\htdocs\contourhealth\wp-blog-header.php(19): require_once('C:\\xampp\\htdocs...')
#2 C:\xampp\htdocs\contourhealth\index.php(17): require('C:\\xampp\\htdocs...')
#3 {main}
  thrown in C:\xampp\htdocs\contourhealth\wp-content\themes\contour-health\home.php on line 99

2023-06-01T07:17:02+00:00 CRITICAL Uncaught Error: Call to undefined function the_field() in C:\xampp\htdocs\contourhealth\wp-content\themes\contour-health\home.php:99
Stack trace:
#0 C:\xampp\htdocs\contourhealth\wp-includes\template-loader.php(106): include()
#1 C:\xampp\htdocs\contourhealth\wp-blog-header.php(19): require_once('C:\\xampp\\htdocs...')
#2 C:\xampp\htdocs\contourhealth\index.php(17): require('C:\\xampp\\htdocs...')
#3 {main}
  thrown in C:\xampp\htdocs\contourhealth\wp-content\themes\contour-health\home.php on line 99

